# Logfile created on 2014-10-02 09:23:37 +0900 by logger.rb/44203
I, [2014-10-02T09:23:37.210152 #4727]  INFO -- : 0:  hike (1.2.3) from /usr/local/rbenv/versions/2.1.0/lib/ruby/gems/2.1.0/specifications/hike-1.2.3.gemspec
I, [2014-10-02T09:23:37.211118 #4727]  INFO -- : 0:  multi_json (1.10.1) from /usr/local/rbenv/versions/2.1.0/lib/ruby/gems/2.1.0/specifications/multi_json-1.10.1.gemspec
I, [2014-10-02T09:23:37.211419 #4727]  INFO -- : 0:  rack (1.5.2) from /usr/local/rbenv/versions/2.1.0/lib/ruby/gems/2.1.0/specifications/rack-1.5.2.gemspec
I, [2014-10-02T09:23:37.211662 #4727]  INFO -- : 0:  tilt (1.4.1) from /usr/local/rbenv/versions/2.1.0/lib/ruby/gems/2.1.0/specifications/tilt-1.4.1.gemspec
I, [2014-10-02T09:23:39.318048 #4727]  INFO -- : 0:  sprockets (2.12.2) from /usr/local/rbenv/versions/2.1.0/lib/ruby/gems/2.1.0/specifications/sprockets-2.12.2.gemspec
I, [2014-10-02T09:23:39.318449 #4727]  INFO -- : 0:  bundler (1.5.1) from /usr/local/rbenv/versions/2.1.0/lib/ruby/gems/2.1.0/specifications/bundler-1.5.1.gemspec
I, [2014-10-02T09:25:44.332104 #5740]  INFO -- : 0:  hike (1.2.3) from /usr/local/rbenv/versions/2.1.0/lib/ruby/gems/2.1.0/specifications/hike-1.2.3.gemspec
I, [2014-10-02T09:25:44.332511 #5740]  INFO -- : 0:  multi_json (1.10.1) from /usr/local/rbenv/versions/2.1.0/lib/ruby/gems/2.1.0/specifications/multi_json-1.10.1.gemspec
I, [2014-10-02T09:25:44.332772 #5740]  INFO -- : 0:  rack (1.5.2) from /usr/local/rbenv/versions/2.1.0/lib/ruby/gems/2.1.0/specifications/rack-1.5.2.gemspec
I, [2014-10-02T09:25:44.333022 #5740]  INFO -- : 0:  tilt (1.4.1) from /usr/local/rbenv/versions/2.1.0/lib/ruby/gems/2.1.0/specifications/tilt-1.4.1.gemspec
I, [2014-10-02T09:25:44.333412 #5740]  INFO -- : 0:  sprockets (2.12.2) from /usr/local/rbenv/versions/2.1.0/lib/ruby/gems/2.1.0/specifications/sprockets-2.12.2.gemspec
I, [2014-10-02T09:25:44.333642 #5740]  INFO -- : 0:  bundler (1.5.1) from /usr/local/rbenv/versions/2.1.0/lib/ruby/gems/2.1.0/specifications/bundler-1.5.1.gemspec
I, [2014-10-02T09:39:16.393873 #11007]  INFO -- : 0:  coffee-script-source (1.8.0) from /usr/local/rbenv/versions/2.1.0/lib/ruby/gems/2.1.0/specifications/coffee-script-source-1.8.0.gemspec
I, [2014-10-02T09:39:16.394282 #11007]  INFO -- : 0:  execjs (2.2.1) from /usr/local/rbenv/versions/2.1.0/lib/ruby/gems/2.1.0/specifications/execjs-2.2.1.gemspec
I, [2014-10-02T09:39:16.394568 #11007]  INFO -- : 0:  coffee-script (2.3.0) from /usr/local/rbenv/versions/2.1.0/lib/ruby/gems/2.1.0/specifications/coffee-script-2.3.0.gemspec
I, [2014-10-02T09:39:18.416919 #11007]  INFO -- : 0:  gem (0.0.1.alpha) from /usr/local/rbenv/versions/2.1.0/lib/ruby/gems/2.1.0/specifications/gem-0.0.1.alpha.gemspec
I, [2014-10-02T09:39:18.417501 #11007]  INFO -- : 0:  hike (1.2.3) from /usr/local/rbenv/versions/2.1.0/lib/ruby/gems/2.1.0/specifications/hike-1.2.3.gemspec
I, [2014-10-02T09:43:01.021225 #11007]  INFO -- : 0:  libv8 (3.16.14.7) from /usr/local/rbenv/versions/2.1.0/lib/ruby/gems/2.1.0/specifications/libv8-3.16.14.7.gemspec
I, [2014-10-02T09:43:01.022305 #11007]  INFO -- : 0:  multi_json (1.10.1) from /usr/local/rbenv/versions/2.1.0/lib/ruby/gems/2.1.0/specifications/multi_json-1.10.1.gemspec
I, [2014-10-02T09:43:01.022605 #11007]  INFO -- : 0:  rack (1.5.2) from /usr/local/rbenv/versions/2.1.0/lib/ruby/gems/2.1.0/specifications/rack-1.5.2.gemspec
I, [2014-10-02T09:43:01.022883 #11007]  INFO -- : 0:  ref (1.0.5) from /usr/local/rbenv/versions/2.1.0/lib/ruby/gems/2.1.0/specifications/ref-1.0.5.gemspec
I, [2014-10-02T09:43:01.023144 #11007]  INFO -- : 0:  tilt (1.4.1) from /usr/local/rbenv/versions/2.1.0/lib/ruby/gems/2.1.0/specifications/tilt-1.4.1.gemspec
I, [2014-10-02T09:43:01.023414 #11007]  INFO -- : 0:  sprockets (2.12.2) from /usr/local/rbenv/versions/2.1.0/lib/ruby/gems/2.1.0/specifications/sprockets-2.12.2.gemspec
I, [2014-10-02T09:43:01.023678 #11007]  INFO -- : 0:  therubyracer (0.12.1) from /usr/local/rbenv/versions/2.1.0/lib/ruby/gems/2.1.0/specifications/therubyracer-0.12.1.gemspec
I, [2014-10-02T09:43:01.023907 #11007]  INFO -- : 0:  bundler (1.5.1) from /usr/local/rbenv/versions/2.1.0/lib/ruby/gems/2.1.0/specifications/bundler-1.5.1.gemspec
